#
# A fatal error has been detected by the Java Runtime Environment:
#
#  SIGSEGV (0xb) at pc=0x00007f78c90bcea4, pid=27000, tid=140156940900096
#
# JRE version: Java(TM) SE Runtime Environment (7.0_80-b15) (build 1.7.0_80-b15)
# Java VM: Java HotSpot(TM) 64-Bit Server VM (24.80-b11 mixed mode linux-amd64 compressed oops)
# Problematic frame:
# J 166 C2 java.lang.String.equals(Ljava/lang/Object;)Z (81 bytes) @ 0x00007f78c90bcea4 [0x00007f78c90bce60+0x44]
#
# Failed to write core dump. Core dumps have been disabled. To enable core dumping, try "ulimit -c unlimited" before starting Java again
#
# If you would like to submit a bug report, please visit:
#   http://bugreport.java.com/bugreport/crash.jsp
#

---------------  T H R E A D  ---------------

Current thread (0x00007f78cc00a000):  JavaThread "main" [_thread_in_Java, id=27019, stack(0x00007f78d49cd000,0x00007f78d4ace000)]

siginfo:si_signo=SIGSEGV: si_errno=0, si_code=128 (), si_addr=0x0000000000000000

Registers:
RAX=0x00000006c0006fc8, RBX=0x00000006c0006fc8, RCX=0x00000007b61b4428, RDX=0x0000e407babf9c10
RSP=0x00007f78d4aca190, RBP=0x00007f78d4aca230, RSI=0x00000007b61b4428, RDI=0x00000000f6c36888
R8 =0x0000000000000005, R9 =0x000000000000000c, R10=0x00007f78d3eaea40, R11=0x00007f78c90bce80
R12=0x0000000000000000, R13=0x00007f78d4aca1e0, R14=0x00007f78d4aca260, R15=0x00007f78cc00a000
RIP=0x00007f78c90bcea4, EFLAGS=0x0000000000010202, CSGSFS=0x0000000000000033, ERR=0x0000000000000000
  TRAPNO=0x000000000000000d

Top of Stack: (sp=0x00007f78d4aca190)
0x00007f78d4aca190:   0000000000000000 00000007f757c3e3
0x00007f78d4aca1a0:   0000c707babf9e30 00007f78cc00a000
0x00007f78d4aca1b0:   00007f78d4aca220 00007f78c9006350
0x00007f78d4aca1c0:   00007f78d4aca230 00007f78c9006350
0x00007f78d4aca1d0:   00007f78d4aca230 00007f78c9006350
0x00007f78d4aca1e0:   0000e407babf9c10 00000007b61b4428
0x00007f78d4aca1f0:   00007f78d4aca1f0 00000006c0cf25f7
0x00007f78d4aca200:   00007f78d4aca260 00000006c0cfcc68
0x00007f78d4aca210:   00000006c0da0880 00000006c0cf2688
0x00007f78d4aca220:   00007f78d4aca1e0 00007f78d4aca240
0x00007f78d4aca230:   00007f78d4aca2a8 00007f78c9006350
0x00007f78d4aca240:   00000007b61b4178 0000000000000000
0x00007f78d4aca250:   0000e407babf9c10 00000007b61aaca8
0x00007f78d4aca260:   00000007b61aac98 00007f78d4aca268
0x00007f78d4aca270:   00000006c0cf9760 00007f78d4aca2f0
0x00007f78d4aca280:   00000006c0cfcc68 00000006c10116a8
0x00007f78d4aca290:   00000006c0cf9878 00007f78d4aca240
0x00007f78d4aca2a0:   00007f78d4aca2e0 00007f78d4aca340
0x00007f78d4aca2b0:   00007f78c9006233 0000000000000000
0x00007f78d4aca2c0:   0000000000000000 00000007b61b4178
0x00007f78d4aca2d0:   00000007b61b4138 00000007b61b4100
0x00007f78d4aca2e0:   0000000000000000 00000007b61aaca8
0x00007f78d4aca2f0:   00000007b61aac98 00000007b61b40c0
0x00007f78d4aca300:   00007f78d4aca300 00000006c0cf4f3f
0x00007f78d4aca310:   00007f78d4aca388 00000006c0cfcc68
0x00007f78d4aca320:   0000000000000000 00000006c0cf5068
0x00007f78d4aca330:   00007f78d4aca2e0 00007f78d4aca390
0x00007f78d4aca340:   0000000700001178 00007f78c92c3574
0x00007f78d4aca350:   0000000000000000 00000007b61b40c0
0x00007f78d4aca360:   00000007b61b3fd8 00000007b61b3f88
0x00007f78d4aca370:   00000007b61b3f30 0000000700000000
0x00007f78d4aca380:   00000007b61aaca8 00000007b61aac98 

Instructions: (pc=0x00007f78c90bcea4)
0x00007f78c90bce84:   c0 fe ff 55 48 83 ec 30 48 3b f2 75 0a b8 01 00
0x00007f78c90bce94:   00 00 e9 90 01 00 00 48 85 d2 0f 84 85 01 00 00
0x00007f78c90bcea4:   44 8b 52 08 41 81 fa c0 15 00 d8 0f 85 d0 01 00
0x00007f78c90bceb4:   00 8b 7e 0c 41 8b 4c fc 0c 44 8b 5a 0c 44 89 5c 

Register to memory mapping:

RAX=0x00000006c0006fc8 is an oop
{method} 
 - klass: {other class}
RBX=0x00000006c0006fc8 is an oop
{method} 
 - klass: {other class}
RCX=0x00000007b61b4428 is an oop
java.lang.String 
 - klass: 'java/lang/String'
RDX=0x0000e407babf9c10 is an unknown value
RSP=0x00007f78d4aca190 is pointing into the stack for thread: 0x00007f78cc00a000
RBP=0x00007f78d4aca230 is pointing into the stack for thread: 0x00007f78cc00a000
RSI=0x00000007b61b4428 is an oop
java.lang.String 
 - klass: 'java/lang/String'
RDI=0x00000000f6c36888 is an unknown value
R8 =0x0000000000000005 is an unknown value
R9 =0x000000000000000c is an unknown value
R10=0x00007f78d3eaea40: <offset 0xe51a40> in /usr/lib/jvm/java-7-oracle/jre/lib/amd64/server/libjvm.so at 0x00007f78d305d000
R11=0x00007f78c90bce80 is at entry_point+32 in (nmethod*)0x00007f78c90bcd10
R12=0x0000000000000000 is an unknown value
R13=0x00007f78d4aca1e0 is pointing into the stack for thread: 0x00007f78cc00a000
R14=0x00007f78d4aca260 is pointing into the stack for thread: 0x00007f78cc00a000
R15=0x00007f78cc00a000 is a thread


Stack: [0x00007f78d49cd000,0x00007f78d4ace000],  sp=0x00007f78d4aca190,  free space=1012k
Native frames: (J=compiled Java code, j=interpreted, Vv=VM code, C=native code)
J 166 C2 java.lang.String.equals(Ljava/lang/Object;)Z (81 bytes) @ 0x00007f78c90bcea4 [0x00007f78c90bce60+0x44]
j  org.apache.maven.model.io.xpp3.MavenXpp3Reader.checkFieldWithDuplicate(Lorg/codehaus/plexus/util/xml/pull/XmlPullParser;Ljava/lang/String;Ljava/lang/String;Ljava/util/Set;)Z+7
j  org.apache.maven.model.io.xpp3.MavenXpp3Reader.parsePlugin(Lorg/codehaus/plexus/util/xml/pull/XmlPullParser;Z)Lorg/apache/maven/model/Plugin;+408
j  org.apache.maven.model.io.xpp3.MavenXpp3Reader.parseBuild(Lorg/codehaus/plexus/util/xml/pull/XmlPullParser;Z)Lorg/apache/maven/model/Build;+775
J 772 C2 org.apache.maven.model.io.xpp3.MavenXpp3Reader.parseModel(Lorg/codehaus/plexus/util/xml/pull/XmlPullParser;Z)Lorg/apache/maven/model/Model; (1538 bytes) @ 0x00007f78c92c3574 [0x00007f78c92c1540+0x2034]
j  org.apache.maven.model.io.xpp3.MavenXpp3Reader.read(Lorg/codehaus/plexus/util/xml/pull/XmlPullParser;Z)Lorg/apache/maven/model/Model;+79
j  org.apache.maven.model.io.xpp3.MavenXpp3Reader.read(Ljava/io/Reader;Z)Lorg/apache/maven/model/Model;+38
j  org.apache.maven.model.io.DefaultModelReader.read(Ljava/io/Reader;ZLorg/apache/maven/model/InputSource;)Lorg/apache/maven/model/Model;+27
j  org.apache.maven.model.io.DefaultModelReader.read(Ljava/io/InputStream;Ljava/util/Map;)Lorg/apache/maven/model/Model;+29
j  org.apache.maven.model.building.DefaultModelProcessor.read(Ljava/io/InputStream;Ljava/util/Map;)Lorg/apache/maven/model/Model;+6
j  org.apache.maven.model.building.DefaultModelBuilder.readModel(Lorg/apache/maven/model/building/ModelSource;Ljava/io/File;Lorg/apache/maven/model/building/ModelBuildingRequest;Lorg/apache/maven/model/building/DefaultModelProblemCollector;)Lorg/apache/maven/model/Model;+140
j  org.apache.maven.model.building.DefaultModelBuilder.build(Lorg/apache/maven/model/building/ModelBuildingRequest;)Lorg/apache/maven/model/building/ModelBuildingResult;+166
j  org.apache.maven.repository.internal.DefaultArtifactDescriptorReader.loadPom(Lorg/eclipse/aether/RepositorySystemSession;Lorg/eclipse/aether/resolution/ArtifactDescriptorRequest;Lorg/eclipse/aether/resolution/ArtifactDescriptorResult;)Lorg/apache/maven/model/Model;+626
j  org.apache.maven.repository.internal.DefaultArtifactDescriptorReader.readArtifactDescriptor(Lorg/eclipse/aether/RepositorySystemSession;Lorg/eclipse/aether/resolution/ArtifactDescriptorRequest;)Lorg/eclipse/aether/resolution/ArtifactDescriptorResult;+13
j  org.eclipse.aether.internal.impl.DefaultDependencyCollector.resolveCachedArtifactDescriptor(Lorg/eclipse/aether/internal/impl/DataPool;Lorg/eclipse/aether/resolution/ArtifactDescriptorRequest;Lorg/eclipse/aether/RepositorySystemSession;Lorg/eclipse/aether/graph/Dependency;Lorg/eclipse/aether/internal/impl/DefaultDependencyCollector$Results;Lorg/eclipse/aether/internal/impl/DefaultDependencyCollector$Args;)Lorg/eclipse/aether/resolution/ArtifactDescriptorResult;+27
j  org.eclipse.aether.internal.impl.DefaultDependencyCollector.getArtifactDescriptorResult(Lorg/eclipse/aether/internal/impl/DefaultDependencyCollector$Args;Lorg/eclipse/aether/internal/impl/DefaultDependencyCollector$Results;ZLorg/eclipse/aether/graph/Dependency;Lorg/eclipse/aether/resolution/ArtifactDescriptorRequest;)Lorg/eclipse/aether/resolution/ArtifactDescriptorResult;+31
j  org.eclipse.aether.internal.impl.DefaultDependencyCollector.processDependency(Lorg/eclipse/aether/internal/impl/DefaultDependencyCollector$Args;Lorg/eclipse/aether/internal/impl/DefaultDependencyCollector$Results;Ljava/util/List;Lorg/eclipse/aether/collection/DependencySelector;Lorg/eclipse/aether/collection/DependencyManager;Lorg/eclipse/aether/collection/DependencyTraverser;Lorg/eclipse/aether/collection/VersionFilter;Lorg/eclipse/aether/graph/Dependency;Ljava/util/List;Z)V+214
j  org.eclipse.aether.internal.impl.DefaultDependencyCollector.processDependency(Lorg/eclipse/aether/internal/impl/DefaultDependencyCollector$Args;Lorg/eclipse/aether/internal/impl/DefaultDependencyCollector$Results;Ljava/util/List;Lorg/eclipse/aether/collection/DependencySelector;Lorg/eclipse/aether/collection/DependencyManager;Lorg/eclipse/aether/collection/DependencyTraverser;Lorg/eclipse/aether/collection/VersionFilter;Lorg/eclipse/aether/graph/Dependency;)V+26
j  org.eclipse.aether.internal.impl.DefaultDependencyCollector.process(Lorg/eclipse/aether/internal/impl/DefaultDependencyCollector$Args;Lorg/eclipse/aether/internal/impl/DefaultDependencyCollector$Results;Ljava/util/List;Ljava/util/List;Lorg/eclipse/aether/collection/DependencySelector;Lorg/eclipse/aether/collection/DependencyManager;Lorg/eclipse/aether/collection/DependencyTraverser;Lorg/eclipse/aether/collection/VersionFilter;)V+45
j  org.eclipse.aether.internal.impl.DefaultDependencyCollector.doRecurse(Lorg/eclipse/aether/internal/impl/DefaultDependencyCollector$Args;Lorg/eclipse/aether/internal/impl/DefaultDependencyCollector$Results;Ljava/util/List;Lorg/eclipse/aether/collection/DependencySelector;Lorg/eclipse/aether/collection/DependencyManager;Lorg/eclipse/aether/collection/DependencyTraverser;Lorg/eclipse/aether/collection/VersionFilter;Lorg/eclipse/aether/graph/Dependency;Lorg/eclipse/aether/resolution/ArtifactDescriptorResult;Lorg/eclipse/aether/graph/DefaultDependencyNode;)V+212
j  org.eclipse.aether.internal.impl.DefaultDependencyCollector.processDependency(Lorg/eclipse/aether/internal/impl/DefaultDependencyCollector$Args;Lorg/eclipse/aether/internal/impl/DefaultDependencyCollector$Results;Ljava/util/List;Lorg/eclipse/aether/collection/DependencySelector;Lorg/eclipse/aether/collection/DependencyManager;Lorg/eclipse/aether/collection/DependencyTraverser;Lorg/eclipse/aether/collection/VersionFilter;Lorg/eclipse/aether/graph/Dependency;Ljava/util/List;Z)V+556
j  org.eclipse.aether.internal.impl.DefaultDependencyCollector.processDependency(Lorg/eclipse/aether/internal/impl/DefaultDependencyCollector$Args;Lorg/eclipse/aether/internal/impl/DefaultDependencyCollector$Results;Ljava/util/List;Lorg/eclipse/aether/collection/DependencySelector;Lorg/eclipse/aether/collection/DependencyManager;Lorg/eclipse/aether/collection/DependencyTraverser;Lorg/eclipse/aether/collection/VersionFilter;Lorg/eclipse/aether/graph/Dependency;)V+26
j  org.eclipse.aether.internal.impl.DefaultDependencyCollector.process(Lorg/eclipse/aether/internal/impl/DefaultDependencyCollector$Args;Lorg/eclipse/aether/internal/impl/DefaultDependencyCollector$Results;Ljava/util/List;Ljava/util/List;Lorg/eclipse/aether/collection/DependencySelector;Lorg/eclipse/aether/collection/DependencyManager;Lorg/eclipse/aether/collection/DependencyTraverser;Lorg/eclipse/aether/collection/VersionFilter;)V+45
j  org.eclipse.aether.internal.impl.DefaultDependencyCollector.doRecurse(Lorg/eclipse/aether/internal/impl/DefaultDependencyCollector$Args;Lorg/eclipse/aether/internal/impl/DefaultDependencyCollector$Results;Ljava/util/List;Lorg/eclipse/aether/collection/DependencySelector;Lorg/eclipse/aether/collection/DependencyManager;Lorg/eclipse/aether/collection/DependencyTraverser;Lorg/eclipse/aether/collection/VersionFilter;Lorg/eclipse/aether/graph/Dependency;Lorg/eclipse/aether/resolution/ArtifactDescriptorResult;Lorg/eclipse/aether/graph/DefaultDependencyNode;)V+212
j  org.eclipse.aether.internal.impl.DefaultDependencyCollector.processDependency(Lorg/eclipse/aether/internal/impl/DefaultDependencyCollector$Args;Lorg/eclipse/aether/internal/impl/DefaultDependencyCollector$Results;Ljava/util/List;Lorg/eclipse/aether/collection/DependencySelector;Lorg/eclipse/aether/collection/DependencyManager;Lorg/eclipse/aether/collection/DependencyTraverser;Lorg/eclipse/aether/collection/VersionFilter;Lorg/eclipse/aether/graph/Dependency;Ljava/util/List;Z)V+556
j  org.eclipse.aether.internal.impl.DefaultDependencyCollector.processDependency(Lorg/eclipse/aether/internal/impl/DefaultDependencyCollector$Args;Lorg/eclipse/aether/internal/impl/DefaultDependencyCollector$Results;Ljava/util/List;Lorg/eclipse/aether/collection/DependencySelector;Lorg/eclipse/aether/collection/DependencyManager;Lorg/eclipse/aether/collection/DependencyTraverser;Lorg/eclipse/aether/collection/VersionFilter;Lorg/eclipse/aether/graph/Dependency;)V+26
j  org.eclipse.aether.internal.impl.DefaultDependencyCollector.process(Lorg/eclipse/aether/internal/impl/DefaultDependencyCollector$Args;Lorg/eclipse/aether/internal/impl/DefaultDependencyCollector$Results;Ljava/util/List;Ljava/util/List;Lorg/eclipse/aether/collection/DependencySelector;Lorg/eclipse/aether/collection/DependencyManager;Lorg/eclipse/aether/collection/DependencyTraverser;Lorg/eclipse/aether/collection/VersionFilter;)V+45
j  org.eclipse.aether.internal.impl.DefaultDependencyCollector.collectDependencies(Lorg/eclipse/aether/RepositorySystemSession;Lorg/eclipse/aether/collection/CollectRequest;)Lorg/eclipse/aether/collection/CollectResult;+735
j  org.eclipse.aether.internal.impl.DefaultRepositorySystem.collectDependencies(Lorg/eclipse/aether/RepositorySystemSession;Lorg/eclipse/aether/collection/CollectRequest;)Lorg/eclipse/aether/collection/CollectResult;+11
j  org.apache.maven.plugin.internal.DefaultPluginDependenciesResolver.resolveInternal(Lorg/apache/maven/model/Plugin;Lorg/eclipse/aether/artifact/Artifact;Lorg/eclipse/aether/graph/DependencyFilter;Lorg/eclipse/aether/collection/DependencyGraphTransformer;Ljava/util/List;Lorg/eclipse/aether/RepositorySystemSession;)Lorg/eclipse/aether/graph/DependencyNode;+272
j  org.apache.maven.plugin.internal.DefaultPluginDependenciesResolver.resolve(Lorg/apache/maven/model/Plugin;Lorg/eclipse/aether/artifact/Artifact;Lorg/eclipse/aether/graph/DependencyFilter;Ljava/util/List;Lorg/eclipse/aether/RepositorySystemSession;)Lorg/eclipse/aether/graph/DependencyNode;+15
j  org.apache.maven.plugin.internal.DefaultMavenPluginManager.createPluginRealm(Lorg/apache/maven/plugin/descriptor/PluginDescriptor;Lorg/apache/maven/execution/MavenSession;Ljava/lang/ClassLoader;Ljava/util/Map;Lorg/eclipse/aether/graph/DependencyFilter;)V+90
j  org.apache.maven.plugin.internal.DefaultMavenPluginManager.setupPluginRealm(Lorg/apache/maven/plugin/descriptor/PluginDescriptor;Lorg/apache/maven/execution/MavenSession;Ljava/lang/ClassLoader;Ljava/util/List;Lorg/eclipse/aether/graph/DependencyFilter;)V+263
j  org.apache.maven.plugin.DefaultBuildPluginManager.getPluginRealm(Lorg/apache/maven/execution/MavenSession;Lorg/apache/maven/plugin/descriptor/PluginDescriptor;)Lorg/codehaus/plexus/classworlds/realm/ClassRealm;+20
j  org.apache.maven.plugin.DefaultBuildPluginManager.executeMojo(Lorg/apache/maven/execution/MavenSession;Lorg/apache/maven/plugin/MojoExecution;)V+21
j  org.apache.maven.lifecycle.internal.MojoExecutor.execute(Lorg/apache/maven/execution/MavenSession;Lorg/apache/maven/plugin/MojoExecution;Lorg/apache/maven/lifecycle/internal/ProjectIndex;Lorg/apache/maven/lifecycle/internal/DependencyContext;)V+220
j  org.apache.maven.lifecycle.internal.MojoExecutor.execute(Lorg/apache/maven/execution/MavenSession;Lorg/apache/maven/plugin/MojoExecution;Lorg/apache/maven/lifecycle/internal/ProjectIndex;Lorg/apache/maven/lifecycle/internal/DependencyContext;Lorg/apache/maven/lifecycle/internal/PhaseRecorder;)V+6
j  org.apache.maven.lifecycle.internal.MojoExecutor.execute(Lorg/apache/maven/execution/MavenSession;Ljava/util/List;Lorg/apache/maven/lifecycle/internal/ProjectIndex;)V+60
j  org.apache.maven.lifecycle.internal.LifecycleModuleBuilder.buildProject(Lorg/apache/maven/execution/MavenSession;Lorg/apache/maven/execution/MavenSession;Lorg/apache/maven/lifecycle/internal/ReactorContext;Lorg/apache/maven/project/MavenProject;Lorg/apache/maven/lifecycle/internal/TaskSegment;)V+180
j  org.apache.maven.lifecycle.internal.LifecycleModuleBuilder.buildProject(Lorg/apache/maven/execution/MavenSession;Lorg/apache/maven/lifecycle/internal/ReactorContext;Lorg/apache/maven/project/MavenProject;Lorg/apache/maven/lifecycle/internal/TaskSegment;)V+7
j  org.apache.maven.lifecycle.internal.builder.singlethreaded.SingleThreadedBuilder.build(Lorg/apache/maven/execution/MavenSession;Lorg/apache/maven/lifecycle/internal/ReactorContext;Lorg/apache/maven/lifecycle/internal/ProjectBuildList;Ljava/util/List;Lorg/apache/maven/lifecycle/internal/ReactorBuildStatus;)V+77
j  org.apache.maven.lifecycle.internal.LifecycleStarter.execute(Lorg/apache/maven/execution/MavenSession;)V+353
j  org.apache.maven.DefaultMaven.doExecute(Lorg/apache/maven/execution/MavenExecutionRequest;Lorg/apache/maven/execution/MavenSession;Lorg/apache/maven/execution/MavenExecutionResult;Lorg/eclipse/aether/DefaultRepositorySystemSession;)Lorg/apache/maven/execution/MavenExecutionResult;+414
j  org.apache.maven.DefaultMaven.doExecute(Lorg/apache/maven/execution/MavenExecutionRequest;)Lorg/apache/maven/execution/MavenExecutionResult;+99
j  org.apache.maven.DefaultMaven.execute(Lorg/apache/maven/execution/MavenExecutionRequest;)Lorg/apache/maven/execution/MavenExecutionResult;+2
j  org.apache.maven.cli.MavenCli.execute(Lorg/apache/maven/cli/CliRequest;)I+27
j  org.apache.maven.cli.MavenCli.doMain(Lorg/apache/maven/cli/CliRequest;)I+66
j  org.apache.maven.cli.MavenCli.main([Ljava/lang/String;Lorg/codehaus/plexus/classworlds/ClassWorld;)I+18
v  ~StubRoutines::call_stub
V  [libjvm.so+0x6020a5]  JavaCalls::call_helper(JavaValue*, methodHandle*, JavaCallArguments*, Thread*)+0x365
V  [libjvm.so+0x600b08]  JavaCalls::call(JavaValue*, methodHandle, JavaCallArguments*, Thread*)+0x28
V  [libjvm.so+0x896caf]  Reflection::invoke(instanceKlassHandle, methodHandle, Handle, bool, objArrayHandle, BasicType, objArrayHandle, bool, Thread*)+0x47f
V  [libjvm.so+0x897a60]  Reflection::invoke_method(oopDesc*, Handle, objArrayHandle, Thread*)+0x160
V  [libjvm.so+0x67e383]  JVM_InvokeMethod+0x1e3
j  sun.reflect.NativeMethodAccessorImpl.invoke0(Ljava/lang/reflect/Method;Ljava/lang/Object;[Ljava/lang/Object;)Ljava/lang/Object;+0
j  sun.reflect.NativeMethodAccessorImpl.invoke(Ljava/lang/Object;[Ljava/lang/Object;)Ljava/lang/Object;+87
j  sun.reflect.DelegatingMethodAccessorImpl.invoke(Ljava/lang/Object;[Ljava/lang/Object;)Ljava/lang/Object;+6
j  java.lang.reflect.Method.invoke(Ljava/lang/Object;[Ljava/lang/Object;)Ljava/lang/Object;+57
j  org.codehaus.plexus.classworlds.launcher.Launcher.launchEnhanced([Ljava/lang/String;)V+45
j  org.codehaus.plexus.classworlds.launcher.Launcher.launch([Ljava/lang/String;)V+2
j  org.codehaus.plexus.classworlds.launcher.Launcher.mainWithExitCode([Ljava/lang/String;)I+101
j  org.codehaus.plexus.classworlds.launcher.Launcher.main([Ljava/lang/String;)V+1
v  ~StubRoutines::call_stub
V  [libjvm.so+0x6020a5]  JavaCalls::call_helper(JavaValue*, methodHandle*, JavaCallArguments*, Thread*)+0x365
V  [libjvm.so+0x600b08]  JavaCalls::call(JavaValue*, methodHandle, JavaCallArguments*, Thread*)+0x28
V  [libjvm.so+0x63abb9]  jni_invoke_static(JNIEnv_*, JavaValue*, _jobject*, JNICallType, _jmethodID*, JNI_ArgumentPusher*, Thread*)+0x219
V  [libjvm.so+0x6437d2]  jni_CallStaticVoidMethod+0x162
C  [libjli.so+0x36d9]  JavaMain+0x7e9


---------------  P R O C E S S  ---------------

Java Threads: ( => current thread )
  0x00007f78cc099800 JavaThread "Service Thread" daemon [_thread_blocked, id=27030, stack(0x00007f78bcbee000,0x00007f78bccef000)]
  0x00007f78cc097800 JavaThread "C2 CompilerThread1" daemon [_thread_in_native, id=27029, stack(0x00007f78bccef000,0x00007f78bcdf0000)]
  0x00007f78cc094800 JavaThread "C2 CompilerThread0" daemon [_thread_in_native, id=27028, stack(0x00007f78bcdf0000,0x00007f78bcef1000)]
  0x00007f78cc092000 JavaThread "Signal Dispatcher" daemon [_thread_blocked, id=27027, stack(0x00007f78bcef1000,0x00007f78bcff2000)]
  0x00007f78cc070000 JavaThread "Finalizer" daemon [_thread_blocked, id=27026, stack(0x00007f78bd6f1000,0x00007f78bd7f2000)]
  0x00007f78cc06e000 JavaThread "Reference Handler" daemon [_thread_blocked, id=27025, stack(0x00007f78bd7f2000,0x00007f78bd8f3000)]
=>0x00007f78cc00a000 JavaThread "main" [_thread_in_Java, id=27019, stack(0x00007f78d49cd000,0x00007f78d4ace000)]

Other Threads:
  0x00007f78cc069800 VMThread [stack: 0x00007f78bd8f3000,0x00007f78bd9f4000] [id=27024]
  0x00007f78cc0a4000 WatcherThread [stack: 0x00007f78bcaed000,0x00007f78bcbee000] [id=27031]

VM state:not at safepoint (normal execution)

VM Mutex/Monitor currently owned by a thread: None

Heap
 PSYoungGen      total 306176K, used 217625K [0x00000007aaa80000, 0x00000007c0000000, 0x0000000800000000)
  eden space 262656K, 71% used [0x00000007aaa80000,0x00000007b6232c78,0x00000007bab00000)
  from space 43520K, 67% used [0x00000007bab00000,0x00000007bc7d3b28,0x00000007bd580000)
  to   space 43520K, 0% used [0x00000007bd580000,0x00000007bd580000,0x00000007c0000000)
 ParOldGen       total 699392K, used 8K [0x0000000700000000, 0x000000072ab00000, 0x00000007aaa80000)
  object space 699392K, 0% used [0x0000000700000000,0x0000000700002000,0x000000072ab00000)
 PSPermGen       total 1048576K, used 19560K [0x00000006c0000000, 0x0000000700000000, 0x0000000700000000)
  object space 1048576K, 1% used [0x00000006c0000000,0x00000006c131a0e0,0x0000000700000000)

Card table byte_map: [0x00007f78d12c1000,0x00007f78d1cc2000] byte_map_base: 0x00007f78cdcc1000

Polling page: 0x00007f78d4af2000

Code Cache  [0x00007f78c9000000, 0x00007f78c92d0000, 0x00007f78cc000000)
 total_blobs=1061 nmethods=760 adapters=253 free_code_cache=46389Kb largest_free_block=47393280

Compilation events (10 events):
Event: 5,188 Thread 0x00007f78cc097800 nmethod 812 0x00007f78c92a8910 code [0x00007f78c92a8a60, 0x00007f78c92a8e08]
Event: 5,188 Thread 0x00007f78cc097800  815             java.util.TreeMap::getFirstEntry (26 bytes)
Event: 5,190 Thread 0x00007f78cc097800 nmethod 815 0x00007f78c911cad0 code [0x00007f78c911cc00, 0x00007f78c911ccb8]
Event: 5,193 Thread 0x00007f78cc097800  816             org.apache.maven.model.io.xpp3.MavenXpp3Reader::parseDependency (452 bytes)
Event: 5,241 Thread 0x00007f78cc094800 nmethod 814 0x00007f78c91251d0 code [0x00007f78c9125600, 0x00007f78c9128430]
Event: 5,241 Thread 0x00007f78cc094800  817             org.apache.maven.model.merge.MavenModelMerger::getPluginKey (5 bytes)
Event: 5,244 Thread 0x00007f78cc094800 nmethod 817 0x00007f78c927f890 code [0x00007f78c927f9e0, 0x00007f78c927fc98]
Event: 5,244 Thread 0x00007f78cc094800  818             org.eclipse.aether.internal.impl.CachingArtifactTypeRegistry::get (43 bytes)
Event: 5,253 Thread 0x00007f78cc094800 nmethod 818 0x00007f78c927ecd0 code [0x00007f78c927ee80, 0x00007f78c927f368]
Event: 5,253 Thread 0x00007f78cc094800  819             org.apache.maven.artifact.repository.metadata.io.xpp3.MetadataXpp3Reader::checkFieldWithDuplicate (75 bytes)

GC Heap History (2 events):
Event: 3,506 GC heap before
{Heap before GC invocations=1 (full 0):
 PSYoungGen      total 306176K, used 262656K [0x00000007aaa80000, 0x00000007c0000000, 0x0000000800000000)
  eden space 262656K, 100% used [0x00000007aaa80000,0x00000007bab00000,0x00000007bab00000)
  from space 43520K, 0% used [0x00000007bd580000,0x00000007bd580000,0x00000007c0000000)
  to   space 43520K, 0% used [0x00000007bab00000,0x00000007bab00000,0x00000007bd580000)
 ParOldGen       total 699392K, used 0K [0x0000000700000000, 0x000000072ab00000, 0x00000007aaa80000)
  object space 699392K, 0% used [0x0000000700000000,0x0000000700000000,0x000000072ab00000)
 PSPermGen       total 1048576K, used 16563K [0x00000006c0000000, 0x0000000700000000, 0x0000000700000000)
  object space 1048576K, 1% used [0x00000006c0000000,0x00000006c102cf60,0x0000000700000000)
Event: 3,531 GC heap after
Heap after GC invocations=1 (full 0):
 PSYoungGen      total 306176K, used 29518K [0x00000007aaa80000, 0x00000007c0000000, 0x0000000800000000)
  eden space 262656K, 0% used [0x00000007aaa80000,0x00000007aaa80000,0x00000007bab00000)
  from space 43520K, 67% used [0x00000007bab00000,0x00000007bc7d3b28,0x00000007bd580000)
  to   space 43520K, 0% used [0x00000007bd580000,0x00000007bd580000,0x00000007c0000000)
 ParOldGen       total 699392K, used 8K [0x0000000700000000, 0x000000072ab00000, 0x00000007aaa80000)
  object space 699392K, 0% used [0x0000000700000000,0x0000000700002000,0x000000072ab00000)
 PSPermGen       total 1048576K, used 16563K [0x00000006c0000000, 0x0000000700000000, 0x0000000700000000)
  object space 1048576K, 1% used [0x00000006c0000000,0x00000006c102cf60,0x0000000700000000)
}

Deoptimization events (10 events):
Event: 4,910 Thread 0x00007f78cc00a000 Uncommon trap: reason=unstable_if action=reinterpret pc=0x00007f78c90929e0 method=java.lang.CharacterDataLatin1.isWhitespace(I)Z @ 14
Event: 4,912 Thread 0x00007f78cc00a000 Uncommon trap: reason=class_check action=maybe_recompile pc=0x00007f78c91230f8 method=java.util.Arrays.copyOf([Ljava/lang/Object;ILjava/lang/Class;)[Ljava/lang/Object; @ 25
Event: 4,926 Thread 0x00007f78cc00a000 Uncommon trap: reason=class_check action=maybe_recompile pc=0x00007f78c9102fbc method=java.util.Hashtable.get(Ljava/lang/Object;)Ljava/lang/Object; @ 46
Event: 4,929 Thread 0x00007f78cc00a000 Uncommon trap: reason=class_check action=maybe_recompile pc=0x00007f78c9102fbc method=java.util.Hashtable.get(Ljava/lang/Object;)Ljava/lang/Object; @ 46
Event: 4,929 Thread 0x00007f78cc00a000 Uncommon trap: reason=class_check action=maybe_recompile pc=0x00007f78c9102fbc method=java.util.Hashtable.get(Ljava/lang/Object;)Ljava/lang/Object; @ 46
Event: 4,930 Thread 0x00007f78cc00a000 Uncommon trap: reason=class_check action=maybe_recompile pc=0x00007f78c91230f8 method=java.util.Arrays.copyOf([Ljava/lang/Object;ILjava/lang/Class;)[Ljava/lang/Object; @ 25
Event: 4,950 Thread 0x00007f78cc00a000 Uncommon trap: reason=class_check action=maybe_recompile pc=0x00007f78c9102fbc method=java.util.Hashtable.get(Ljava/lang/Object;)Ljava/lang/Object; @ 46
Event: 5,133 Thread 0x00007f78cc00a000 Uncommon trap: reason=unstable_if action=reinterpret pc=0x00007f78c9164790 method=org.codehaus.plexus.classworlds.realm.Entry.matches(Ljava/lang/String;)Z @ 33
Event: 5,198 Thread 0x00007f78cc00a000 Uncommon trap: reason=null_check action=make_not_entrant pc=0x00007f78c9082e54 method=org.apache.maven.artifact.repository.metadata.io.xpp3.MetadataXpp3Reader.checkFieldWithDuplicate(Lorg/codehaus/plexus/util/xml/pull/XmlPullParser;Ljava/lang/String;Ljava
Event: 5,253 Thread 0x00007f78cc00a000 Uncommon trap: reason=null_check action=make_not_entrant pc=0x00007f78c90f3588 method=org.apache.maven.model.io.xpp3.MavenXpp3Reader.checkFieldWithDuplicate(Lorg/codehaus/plexus/util/xml/pull/XmlPullParser;Ljava/lang/String;Ljava/lang/String;Ljava/util/Se

Internal exceptions (10 events):
Event: 5,191 Thread 0x00007f78cc00a000 Threw 0x00000007b5600810 at /HUDSON/workspace/7u-2-build-linux-amd64/jdk7u80/2329/hotspot/src/share/vm/prims/jvm.cpp:1319
Event: 5,191 Thread 0x00007f78cc00a000 Threw 0x00000007b56020f0 at /HUDSON/workspace/7u-2-build-linux-amd64/jdk7u80/2329/hotspot/src/share/vm/prims/jvm.cpp:1319
Event: 5,191 Thread 0x00007f78cc00a000 Threw 0x00000007b5602d38 at /HUDSON/workspace/7u-2-build-linux-amd64/jdk7u80/2329/hotspot/src/share/vm/prims/jvm.cpp:1319
Event: 5,191 Thread 0x00007f78cc00a000 Threw 0x00000007b5604870 at /HUDSON/workspace/7u-2-build-linux-amd64/jdk7u80/2329/hotspot/src/share/vm/prims/jvm.cpp:1319
Event: 5,191 Thread 0x00007f78cc00a000 Threw 0x00000007b5604ec8 at /HUDSON/workspace/7u-2-build-linux-amd64/jdk7u80/2329/hotspot/src/share/vm/prims/jvm.cpp:1319
Event: 5,191 Thread 0x00007f78cc00a000 Threw 0x00000007b5605558 at /HUDSON/workspace/7u-2-build-linux-amd64/jdk7u80/2329/hotspot/src/share/vm/prims/jvm.cpp:1319
Event: 5,191 Thread 0x00007f78cc00a000 Threw 0x00000007b5607c38 at /HUDSON/workspace/7u-2-build-linux-amd64/jdk7u80/2329/hotspot/src/share/vm/prims/jvm.cpp:1319
Event: 5,198 Thread 0x00007f78cc00a000 Implicit null exception at 0x00007f78c9082bbd to 0x00007f78c9082e35
Event: 5,252 Thread 0x00007f78cc00a000 Implicit null exception at 0x00007f78c90f3266 to 0x00007f78c90f3569
Event: 5,253 Thread 0x00007f78cc00a000 Implicit null exception at 0x00007f78c90bcea4 to 0x0000000000000000

Events (10 events):
Event: 5,191 loading class 0x00007f78cc548b70
Event: 5,191 loading class 0x00007f78cc548b70 done
Event: 5,191 loading class 0x00007f78cc548b70
Event: 5,191 loading class 0x00007f78cc548b70 done
Event: 5,198 Thread 0x00007f78cc00a000 Uncommon trap: trap_request=0xfffffff4 fr.pc=0x00007f78c9082e54
Event: 5,198 Thread 0x00007f78cc00a000 DEOPT PACKING pc=0x00007f78c9082e54 sp=0x00007f78d4acab10
Event: 5,198 Thread 0x00007f78cc00a000 DEOPT UNPACKING pc=0x00007f78c9039045 sp=0x00007f78d4acaaf0 mode 2
Event: 5,253 Thread 0x00007f78cc00a000 Uncommon trap: trap_request=0xfffffff4 fr.pc=0x00007f78c90f3588
Event: 5,253 Thread 0x00007f78cc00a000 DEOPT PACKING pc=0x00007f78c90f3588 sp=0x00007f78d4aca1e0
Event: 5,253 Thread 0x00007f78cc00a000 DEOPT UNPACKING pc=0x00007f78c9039045 sp=0x00007f78d4aca1c0 mode 2


Dynamic libraries:
00400000-00401000 r-xp 00000000 08:01 2753961                            /usr/lib/jvm/java-7-oracle/bin/java
00600000-00601000 rw-p 00000000 08:01 2753961                            /usr/lib/jvm/java-7-oracle/bin/java
00ddc000-00dfd000 rw-p 00000000 00:00 0                                  [heap]
6c0000000-72ab00000 rw-p 00000000 00:00 0 
72ab00000-7aaa80000 rw-p 00000000 00:00 0 
7aaa80000-7c0000000 rw-p 00000000 00:00 0 
7c0000000-800000000 rw-p 00000000 00:00 0 
7f788c000000-7f788c021000 rw-p 00000000 00:00 0 
7f788c021000-7f7890000000 ---p 00000000 00:00 0 
7f7890000000-7f7890021000 rw-p 00000000 00:00 0 
7f7890021000-7f7894000000 ---p 00000000 00:00 0 
7f7894000000-7f78952cf000 rw-p 00000000 00:00 0 
7f78952cf000-7f7898000000 ---p 00000000 00:00 0 
7f7898000000-7f78992df000 rw-p 00000000 00:00 0 
7f78992df000-7f789c000000 ---p 00000000 00:00 0 
7f789c000000-7f789c021000 rw-p 00000000 00:00 0 
7f789c021000-7f78a0000000 ---p 00000000 00:00 0 
7f78a0000000-7f78a0021000 rw-p 00000000 00:00 0 
7f78a0021000-7f78a4000000 ---p 00000000 00:00 0 
7f78a4000000-7f78a4021000 rw-p 00000000 00:00 0 
7f78a4021000-7f78a8000000 ---p 00000000 00:00 0 
7f78a8000000-7f78a8021000 rw-p 00000000 00:00 0 
7f78a8021000-7f78ac000000 ---p 00000000 00:00 0 
7f78ac000000-7f78ac021000 rw-p 00000000 00:00 0 
7f78ac021000-7f78b0000000 ---p 00000000 00:00 0 
7f78b0000000-7f78b0021000 rw-p 00000000 00:00 0 
7f78b0021000-7f78b4000000 ---p 00000000 00:00 0 
7f78b4000000-7f78b4021000 rw-p 00000000 00:00 0 
7f78b4021000-7f78b8000000 ---p 00000000 00:00 0 
7f78b8000000-7f78b8021000 rw-p 00000000 00:00 0 
7f78b8021000-7f78bc000000 ---p 00000000 00:00 0 
7f78bc4ed000-7f78bc4ef000 rw-p 00000000 00:00 0 
7f78bc4ef000-7f78bc4f4000 r--s 0003d000 08:01 1605478                    /home/cgasparini/.m2/repository/org/codehaus/plexus/plexus-utils/1.5.8/plexus-utils-1.5.8.jar
7f78bc4f4000-7f78bc4f6000 r--s 0000a000 08:01 1080402                    /home/cgasparini/.m2/repository/org/codehaus/mojo/build-helper-maven-plugin/1.9.1/build-helper-maven-plugin-1.9.1.jar
7f78bc4f6000-7f78bc4fa000 r--s 0001f000 08:01 2255220                    /home/cgasparini/.m2/repository/org/jacoco/org.jacoco.report/0.7.2.201409121644/org.jacoco.report-0.7.2.201409121644.jar
7f78bc4fa000-7f78bc4ff000 r--s 00058000 08:01 2128042                    /home/cgasparini/.m2/repository/org/ow2/asm/asm-debug-all/5.0.1/asm-debug-all-5.0.1.jar
7f78bc4ff000-7f78bc503000 r--s 0001d000 08:01 2128045                    /home/cgasparini/.m2/repository/org/jacoco/org.jacoco.core/0.7.2.201409121644/org.jacoco.core-0.7.2.201409121644.jar
7f78bc503000-7f78bc509000 r--s 00041000 08:01 2128039                    /home/cgasparini/.m2/repository/org/jacoco/org.jacoco.agent/0.7.2.201409121644/org.jacoco.agent-0.7.2.201409121644-runtime.jar
7f78bc509000-7f78bc50e000 r--s 00016000 08:01 2128044                    /home/cgasparini/.m2/repository/xml-apis/xml-apis/1.0.b2/xml-apis-1.0.b2.jar
7f78bc50e000-7f78bc510000 r--s 00008000 08:01 718518                     /home/cgasparini/.m2/repository/commons-logging/commons-logging/1.0.4/commons-logging-1.0.4.jar
7f78bc510000-7f78bc514000 r--s 00026000 08:01 2128036                    /home/cgasparini/.m2/repository/commons-digester/commons-digester/1.6/commons-digester-1.6.jar
7f78bc514000-7f78bc519000 r--s 0002a000 08:01 2128035                    /home/cgasparini/.m2/repository/commons-beanutils/commons-beanutils/1.7.0/commons-beanutils-1.7.0.jar
7f78bc519000-7f78bc51c000 r--s 00014000 08:01 2128037                    /home/cgasparini/.m2/repository/commons-validator/commons-validator/1.2.0/commons-validator-1.2.0.jar
7f78bc51c000-7f78bc51e000 r--s 00008000 08:01 1872407                    /home/cgasparini/.m2/repository/org/apache/maven/doxia/doxia-module-fml/1.1.2/doxia-module-fml-1.1.2.jar
7f78bc51e000-7f78bc51f000 r--s 00003000 08:01 1872405                    /home/cgasparini/.m2/repository/org/apache/maven/doxia/doxia-module-xhtml/1.1.2/doxia-module-xhtml-1.1.2.jar
7f78bc51f000-7f78bc521000 r--s 0000b000 08:01 1737643                    /home/cgasparini/.m2/repository/org/apache/maven/doxia/doxia-decoration-model/1.1.2/doxia-decoration-model-1.1.2.jar
7f78bc521000-7f78bc523000 r--s 0000b000 08:01 1872403                    /home/cgasparini/.m2/repository/org/apache/maven/doxia/doxia-site-renderer/1.1.2/doxia-site-renderer-1.1.2.jar
7f78bc523000-7f78bc525000 r--s 00006000 08:01 841721                     /home/cgasparini/.m2/repository/commons-codec/commons-codec/1.2/commons-codec-1.2.jar
7f78bc525000-7f78bc52b000 r--s 00045000 08:01 1737642                    /home/cgasparini/.m2/repository/commons-httpclient/commons-httpclient/3.1/commons-httpclient-3.1.jar
7f78bc52b000-7f78bc52f000 r--s 0003c000 08:01 589707                     /home/cgasparini/.m2/repository/commons-lang/commons-lang/2.4/commons-lang-2.4.jar
7f78bc52f000-7f78bc546000 r--s 00112000 08:01 1346690                    /home/cgasparini/.m2/repository/xerces/xercesImpl/2.8.1/xercesImpl-2.8.1.jar
7f78bc546000-7f78bc54a000 r--s 00023000 08:01 1737640                    /home/cgasparini/.m2/repository/org/apache/maven/doxia/doxia-core/1.1.2/doxia-core-1.1.2.jar
7f78bc54a000-7f78bc54c000 r--s 00003000 08:01 1472201                    /home/cgasparini/.m2/repository/org/apache/maven/reporting/maven-reporting-impl/2.1/maven-reporting-impl-2.1.jar
7f78bc54c000-7f78bc54e000 r--s 00008000 08:01 2128032                    /home/cgasparini/.m2/repository/org/apache/maven/shared/maven-shared-io/1.1/maven-shared-io-1.1.jar
7f78bc54e000-7f78bc550000 r--s 00008000 08:01 2128030                    /home/cgasparini/.m2/repository/org/apache/maven/shared/file-management/1.2.1/file-management-1.2.1.jar
7f78bc550000-7f78bc555000 r--s 00039000 08:01 2128029                    /home/cgasparini/.m2/repository/org/codehaus/plexus/plexus-utils/1.5.6/plexus-utils-1.5.6.jar
7f78bc555000-7f78bc55b000 r--s 00034000 08:01 1346689                    /home/cgasparini/.m2/repository/junit/junit/4.8.2/junit-4.8.2.jar
7f78bc55b000-7f78bc55e000 r--s 00019000 08:01 2771527                    /usr/lib/jvm/java-7-oracle/jre/lib/jce.jar
7f78bc55e000-7f78bc560000 r--s 0000b000 08:01 2017776                    /home/cgasparini/.m2/repository/org/jacoco/jacoco-maven-plugin/0.7.2.201409121644/jacoco-maven-plugin-0.7.2.201409121644.jar
7f78bc560000-7f78bc563000 r--s 0000c000 08:01 1737678                    /home/cgasparini/.m2/repository/org/codehaus/plexus/plexus-io/2.0.4/plexus-io-2.0.4.jar
7f78bc563000-7f78bc568000 r--s 00029000 08:01 1606435                    /home/cgasparini/.m2/repository/org/codehaus/plexus/plexus-archiver/2.2/plexus-archiver-2.2.jar
7f78bc568000-7f78bc56a000 r--s 00007000 08:01 953515                     /home/cgasparini/.m2/repository/org/apache/maven/plugin-testing/maven-plugin-testing-harness/1.3/maven-plugin-testing-harness-1.3.jar
7f78bc56a000-7f78bc56b000 r--s 00002000 08:01 1737615                    /home/cgasparini/.m2/repository/org/codehaus/plexus/plexus-i18n/1.0-beta-6/plexus-i18n-1.0-beta-6.jar
7f78bc56b000-7f78bc56e000 r--s 0000d000 08:01 1605516                    /home/cgasparini/.m2/repository/org/apache/maven/shared/maven-dependency-tree/2.2/maven-dependency-tree-2.2.jar
7f78bc56e000-7f78bc573000 r--s 00040000 08:01 2127858                    /home/cgasparini/.m2/repository/org/beanshell/bsh/2.0b4/bsh-2.0b4.jar
7f78bc573000-7f78bc575000 r--s 00006000 08:01 2018294                    /home/cgasparini/.m2/repository/org/apache/maven/shared/maven-common-artifact-filters/1.4/maven-common-artifact-filters-1.4.jar
7f78bc575000-7f78bc578000 r--s 00016000 08:01 2018869                    /home/cgasparini/.m2/repository/org/apache/maven/enforcer/enforcer-rules/1.4/enforcer-rules-1.4.jar
7f78bc578000-7f78bc579000 r--s 00002000 08:01 2018867                    /home/cgasparini/.m2/repository/org/apache/maven/enforcer/enforcer-api/1.4/enforcer-api-1.4.jar
7f78bc579000-7f78bc57d000 r--s 00038000 08:01 589701                     /home/cgasparini/.m2/repository/commons-lang/commons-lang/2.3/commons-lang-2.3.jar
7f78bc57d000-7f78bc581000 r--s 00038000 08:01 2392612                    /home/cgasparini/.m2/repository/org/codehaus/plexus/plexus-utils/3.0.20/plexus-utils-3.0.20.jar
7f78bc581000-7f78bc583000 r--s 00002000 08:01 1472199                    /home/cgasparini/.m2/repository/org/apache/maven/doxia/doxia-sink-api/1.1/doxia-sink-api-1.1.jar
7f78bc583000-7f78bc584000 r--s 00002000 08:01 2018319                    /home/cgasparini/.m2/repository/org/apache/maven/reporting/maven-reporting-api/2.2.1/maven-reporting-api-2.2.1.jar
7f78bc584000-7f78bc586000 r--s 0000b000 08:01 2018317                    /home/cgasparini/.m2/repository/org/codehaus/plexus/plexus-interpolation/1.11/plexus-interpolation-1.11.jar
7f78bc586000-7f78bc587000 r--s 00007000 08:01 2018845                    /home/cgasparini/.m2/repository/org/apache/maven/plugins/maven-enforcer-plugin/1.4/maven-enforcer-plugin-1.4.jar
7f78bc587000-7f78bc58a000 r--s 00027000 08:01 2017825                    /home/cgasparini/.m2/repository/org/codehaus/plexus/plexus-utils/1.1/plexus-utils-1.1.jar
7f78bc58a000-7f78bc58c000 r--s 00006000 08:01 1346652                    /home/cgasparini/.m2/repository/com/google/code/findbugs/jsr305/2.0.1/jsr305-2.0.1.jar
7f78bc58c000-7f78bc590000 r--s 00026000 08:01 1737609                    /home/cgasparini/.m2/repository/org/apache/maven/shared/maven-shared-utils/0.7/maven-shared-utils-0.7.jar
7f78bc590000-7f78bc592000 r--s 00006000 08:01 2017790                    /home/cgasparini/.m2/repository/org/apache/maven/plugins/maven-clean-plugin/2.6.1/maven-clean-plugin-2.6.1.jar
7f78bc592000-7f78bc594000 r--s 00004000 08:01 1737562                    /home/cgasparini/.m2/repository/org/apache/maven/doxia/doxia-module-xhtml/1.0/doxia-module-xhtml-1.0.jar
7f78bc594000-7f78bc595000 r--s 00006000 08:01 1737560                    /home/cgasparini/.m2/repository/org/apache/maven/doxia/doxia-module-xdoc/1.0/doxia-module-xdoc-1.0.jar
7f78bc595000-7f78bc596000 r--s 00004000 08:01 1737558                    /home/cgasparini/.m2/repository/org/apache/maven/doxia/doxia-module-fml/1.0/doxia-module-fml-1.0.jar
7f78bc596000-7f78bc598000 r--s 0000a000 08:01 1737556                    /home/cgasparini/.m2/repository/org/apache/maven/doxia/doxia-module-apt/1.0/doxia-module-apt-1.0.jar
7f78bc598000-7f78bc5a5000 r--s 0007f000 08:01 951827                     /home/cgasparini/.m2/repository/commons-collections/commons-collections/3.2/commons-collections-3.2.jar
7f78bc5a5000-7f78bc5a6000 r--s 0000b000 08:01 1737554                    /home/cgasparini/.m2/repository/org/apache/maven/doxia/doxia-decoration-model/1.0/doxia-decoration-model-1.0.jar
7f78bc5a6000-7f78bc5a8000 r--s 0000e000 08:01 951818                     /home/cgasparini/.m2/repository/oro/oro/2.0.8/oro-2.0.8.jar
7f78bc5a8000-7f78bc5ac000 r--s 0002f000 08:01 589695                     /home/cgasparini/.m2/repository/commons-lang/commons-lang/2.1/commons-lang-2.1.jar
7f78bc5ac000-7f78bc5b4000 r--s 00058000 08:01 1737549                    /home/cgasparini/.m2/repository/org/apache/velocity/velocity/1.5/velocity-1.5.jar
7f78bc5b4000-7f78bc5b5000 r--s 00001000 08:01 1737550                    /home/cgasparini/.m2/repository/org/codehaus/plexus/plexus-velocity/1.1.7/plexus-velocity-1.1.7.jar
7f78bc5b5000-7f78bc5b6000 r--s 00002000 08:01 1737547                    /home/cgasparini/.m2/repository/org/codehaus/plexus/plexus-i18n/1.0-beta-7/plexus-i18n-1.0-beta-7.jar
7f78bc5b6000-7f78bc5b9000 r--s 0000b000 08:01 1737552                    /home/cgasparini/.m2/repository/org/apache/maven/doxia/doxia-core/1.0/doxia-core-1.0.jar
7f78bc5b9000-7f78bc5bb000 r--s 0000a000 08:01 1605438                    /home/cgasparini/.m2/repository/org/apache/maven/doxia/doxia-site-renderer/1.0/doxia-site-renderer-1.0.jar
7f78bc5bb000-7f78bc5bc000 r--s 00002000 08:01 1472143                    /home/cgasparini/.m2/repository/org/apache/maven/doxia/doxia-sink-api/1.0/doxia-sink-api-1.0.jar
7f78bc5bc000-7f78bc5be000 r--s 00001000 08:01 1604294                    /home/cgasparini/.m2/repository/org/sonatype/plexus/plexus-build-api/0.0.7/plexus-build-api-0.0.7.jar
7f78bc5be000-7f78bc5c2000 r--s 00035000 08:01 1605469                    /home/cgasparini/.m2/repository/org/codehaus/plexus/plexus-utils/3.0.10/plexus-utils-3.0.10.jar
7f78bc5c2000-7f78bc5c6000 r--s 0001d000 08:01 1215992                    /home/cgasparini/.m2/repository/org/eclipse/aether/aether-util/0.9.0.M2/aether-util-0.9.0.M2.jar
7f78bc5c6000-7f78bc5c8000 r--s 00000000 08:01 1080374                    /home/cgasparini/.m2/repository/org/codehaus/plexus/plexus-component-annotations/1.5.5/plexus-component-annotations-1.5.5.jar
7f78bc5c8000-7f78bc5cb000 r--s 0000c000 08:01 1605436                    /home/cgasparini/.m2/repository/org/apache/maven/shared/maven-dependency-tree/2.1/maven-dependency-tree-2.1.jar
7f78bc5cb000-7f78bc5cd000 r--s 0000d000 08:01 1605470                    /home/cgasparini/.m2/repository/org/codehaus/plexus/plexus-interpolation/1.15/plexus-interpolation-1.15.jar
7f78bc5cd000-7f78bc5d0000 r--s 0000c000 08:01 1605434                    /home/cgasparini/.m2/repository/org/codehaus/plexus/plexus-io/2.0.2/plexus-io-2.0.2.jar
7f78bc5d0000-7f78bc5d5000 r--s 00029000 08:01 1605430                    /home/cgasparini/.m2/repository/org/codehaus/plexus/plexus-archiver/2.1/plexus-archiver-2.1.jar
7f78bc5d5000-7f78bc5d7000 r--s 00004000 08:01 1605429                    /home/cgasparini/.m2/repository/org/apache/maven/maven-archiver/2.5/maven-archiver-2.5.jar
7f78bc5d7000-7f78bc5d9000 r--s 00002000 08:01 1215995                    /home/cgasparini/.m2/repository/org/sonatype/plexus/plexus-cipher/1.4/plexus-cipher-1.4.jar
7f78bc5d9000-7f78bc5da000 r--s 00006000 08:01 1215996                    /home/cgasparini/.m2/repository/org/sonatype/plexus/plexus-sec-dispatcher/1.3/plexus-sec-dispatcher-1.3.jar
7f78bc5da000-7f78bc5e2000 r--s 00049000 08:01 841720                     /home/cgasparini/.m2/repository/backport-util-concurrent/backport-util-concurrent/3.1/backport-util-concurrent-3.1.jar
7f78bc5e2000-7f78bc5e4000 r--s 00002000 08:01 1346646                    /home/cgasparini/.m2/repository/org/codehaus/plexus/plexus-interactivity-api/1.0-alpha-4/plexus-interactivity-api-1.0-alpha-4.jar
7f78bc5e4000-7f78bc5e6000 r--s 00009000 08:01 951850                     /home/cgasparini/.m2/repository/commons-cli/commons-cli/1.2/commons-cli-1.2.jar
7f78bc5e6000-7f78bc5e8000 r--s 00009000 08:01 2018367                    /home/cgasparini/.m2/repository/org/hamcrest/hamcrest-core/1.3/hamcrest-core-1.3.jar
7f78bc5e8000-7f78bc5ee000 r--s 00036000 08:01 1346753                    /home/cgasparini/.m2/repository/junit/junit/4.11/junit-4.11.jar
7f78bc5ee000-7f78bc5ef000 r--s 00002000 08:01 1737638                    /home/cgasparini/.m2/repository/org/apache/maven/doxia/doxia-logging-api/1.1/doxia-logging-api-1.1.jar
7f78bc5ef000-7f78bc5f0000 r--s 00002000 08:01 1587174                    /home/cgasparini/.m2/repository/org/apache/maven/reporting/maven-reporting-api/2.2.0/maven-reporting-api-2.2.0.jar
7f78bc5f0000-7f78bc5f2000 r--s 00003000 08:01 2255857                    /home/cgasparini/.m2/repository/org/slf4j/jcl-over-slf4j/1.5.6/jcl-over-slf4j-1.5.6.jar
7f78bc5f2000-7f78bc5f4000 r--s 00001000 08:01 1472207                    /home/cgasparini/.m2/repository/org/slf4j/slf4j-jdk14/1.5.6/slf4j-jdk14-1.5.6.jar
7f78bc5f4000-7f78bc602000 r--s 00088000 08:01 1872369                    /home/cgasparini/.m2/repository/org/osgi/org.osgi.compendium/4.2.0/org.osgi.compendium-4.2.0.jar
7f78bc602000-7f78bc604000 r--s 0000f000 08:01 1605432                    /home/cgasparini/.m2/repository/org/apache/felix/org.apache.felix.utils/1.6.0/org.apache.felix.utils-1.6.0.jar
7f78bc604000-7f78bc607000 r--s 00015000 08:01 1709051                    /home/cgasparini/.m2/repository/org/easymock/easymock/2.5.2/easymock-2.5.2.jar
7f78bc607000-7f78bc60b000 r--s 00026000 08:01 1737602                    /home/cgasparini/.m2/repository/org/apache/felix/org.apache.felix.bundlerepository/1.6.6/org.apache.felix.bundlerepository-1.6.6.jar
7f78bc60b000-7f78bc630000 r--s 001f1000 08:01 1063681                    /home/cgasparini/.m2/repository/biz/aQute/bnd/biz.aQute.bndlib/3.0.0/biz.aQute.bndlib-3.0.0.jar
7f78bc630000-7f78bc637000 r--s 0004f000 08:01 1605465                    /home/cgasparini/.m2/repository/org/osgi/org.osgi.core/4.3.1/org.osgi.core-4.3.1.jar
7f78bc637000-7f78bc63a000 r--s 0002b000 08:01 1587172                    /home/cgasparini/.m2/repository/org/apache/felix/maven-bundle-plugin/3.0.0/maven-bundle-plugin-3.0.0.jar
7f78bc63a000-7f78bc63e000 r--s 0008b000 08:01 2771529                    /usr/lib/jvm/java-7-oracle/jre/lib/jsse.jar
7f78bc63e000-7f78bc66f000 rw-p 00000000 00:00 0 
7f78bc66f000-7f78bc686000 r-xp 00000000 08:01 3044820                    /usr/lib/jvm/java-7-oracle/jre/lib/amd64/libnet.so
7f78bc686000-7f78bc885000 ---p 00017000 08:01 3044820                    /usr/lib/jvm/java-7-oracle/jre/lib/amd64/libnet.so
7f78bc885000-7f78bc886000 rw-p 00016000 08:01 3044820                    /usr/lib/jvm/java-7-oracle/jre/lib/amd64/libnet.so
7f78bc886000-7f78bc896000 r-xp 00000000 08:01 3044803                    /usr/lib/jvm/java-7-oracle/jre/lib/amd64/libnio.so
7f78bc896000-7f78bca96000 ---p 00010000 08:01 3044803                    /usr/lib/jvm/java-7-oracle/jre/lib/amd64/libnio.so
7f78bca96000-7f78bca97000 rw-p 00010000 08:01 3044803                    /usr/lib/jvm/java-7-oracle/jre/lib/amd64/libnio.so
7f78bca97000-7f78bca98000 r--s 00002000 08:01 2772137                    /usr/local/apache-maven-3.3.3/lib/slf4j-simple-1.7.5.jar
7f78bca98000-7f78bca9a000 r--s 00006000 08:01 2772135                    /usr/local/apache-maven-3.3.3/lib/aether-spi-1.0.2.v20150114.jar
7f78bca9a000-7f78bca9d000 r--s 00013000 08:01 2772134                    /usr/local/apache-maven-3.3.3/lib/maven-embedder-3.3.3.jar
7f78bca9d000-7f78bca9f000 r--s 00005000 08:01 2772133                    /usr/local/apache-maven-3.3.3/lib/aether-transport-wagon-1.0.2.v20150114.jar
7f78bca9f000-7f78bcaa8000 r--s 00059000 08:01 2772132                    /usr/local/apache-maven-3.3.3/lib/sisu-guice-3.2.5-no_aop.jar
7f78bcaa8000-7f78bcaaa000 r--s 00005000 08:01 2772130                    /usr/local/apache-maven-3.3.3/lib/maven-repository-metadata-3.3.3.jar
7f78bcaaa000-7f78bcaac000 r--s 00002000 08:01 2772128                    /usr/local/apache-maven-3.3.3/lib/plexus-cipher-1.7.jar
7f78bcaac000-7f78bcab9000 r--s 0008e000 08:01 2772127                    /usr/local/apache-maven-3.3.3/lib/maven-core-3.3.3.jar
7f78bcab9000-7f78bcabc000 r--s 00008000 08:01 2772126                    /usr/local/apache-maven-3.3.3/lib/cdi-api-1.0.jar
7f78bcabc000-7f78bcabe000 r--s 00005000 08:01 2772125                    /usr/local/apache-maven-3.3.3/lib/slf4j-api-1.7.5.jar
7f78bcabe000-7f78bcac2000 r--s 00027000 08:01 2772122                    /usr/local/apache-maven-3.3.3/lib/aether-impl-1.0.2.v20150114.jar
7f78bcac2000-7f78bcaed000 r--s 001fc000 08:01 2772094                    /usr/local/apache-maven-3.3.3/lib/guava-18.0.jar
7f78bcaed000-7f78bcaee000 ---p 00000000 00:00 0 
7f78bcaee000-7f78bcbee000 rw-p 00000000 00:00 0                          [stack:27031]
7f78bcbee000-7f78bcbf1000 ---p 00000000 00:00 0 
7f78bcbf1000-7f78bccef000 rw-p 00000000 00:00 0                          [stack:27030]
7f78bccef000-7f78bccf2000 ---p 00000000 00:00 0 
7f78bccf2000-7f78bcdf0000 rw-p 00000000 00:00 0                          [stack:27029]
7f78bcdf0000-7f78bcdf3000 ---p 00000000 00:00 0 
7f78bcdf3000-7f78bcef1000 rw-p 00000000 00:00 0                          [stack:27028]
7f78bcef1000-7f78bcef4000 ---p 00000000 00:00 0 
7f78bcef4000-7f78bcff2000 rw-p 00000000 00:00 0                          [stack:27027]
7f78bcff2000-7f78bd6f1000 r--p 00000000 08:01 2760682                    /usr/lib/locale/locale-archive
7f78bd6f1000-7f78bd6f4000 ---p 00000000 00:00 0 
7f78bd6f4000-7f78bd7f2000 rw-p 00000000 00:00 0                          [stack:27026]
7f78bd7f2000-7f78bd7f5000 ---p 00000000 00:00 0 
7f78bd7f5000-7f78bd8f3000 rw-p 00000000 00:00 0                          [stack:27025]
7f78bd8f3000-7f78bd8f4000 ---p 00000000 00:00 0 
7f78bd8f4000-7f78c9000000 rw-p 00000000 00:00 0                          [stack:27024]
7f78c9000000-7f78c92d0000 rwxp 00000000 00:00 0 
7f78c92d0000-7f78ccf5b000 rw-p 00000000 00:00 0 
7f78ccf5b000-7f78d0000000 ---p 00000000 00:00 0 
7f78d0000000-7f78d0003000 r--s 00025000 08:01 2772118                    /usr/local/apache-maven-3.3.3/lib/maven-model-3.3.3.jar
7f78d0003000-7f78d0004000 r--s 00000000 08:01 2772116                    /usr/local/apache-maven-3.3.3/lib/javax.inject-1.jar
7f78d0004000-7f78d0008000 r--s 00027000 08:01 2772113                    /usr/local/apache-maven-3.3.3/lib/commons-io-2.2.jar
7f78d0008000-7f78d000a000 r--s 00009000 08:01 2772110                    /usr/local/apache-maven-3.3.3/lib/maven-settings-3.3.3.jar
7f78d000a000-7f78d000c000 r--s 0000f000 08:01 2772108                    /usr/local/apache-maven-3.3.3/lib/maven-aether-provider-3.3.3.jar
7f78d000c000-7f78d000d000 r--s 00002000 08:01 2772107                    /usr/local/apache-maven-3.3.3/lib/wagon-http-shared-2.9.jar
7f78d000d000-7f78d0012000 r--s 00027000 08:01 2772105                    /usr/local/apache-maven-3.3.3/lib/maven-model-builder-3.3.3.jar
7f78d0012000-7f78d0013000 r--s 00006000 08:01 2772104                    /usr/local/apache-maven-3.3.3/lib/plexus-sec-dispatcher-1.3.jar
7f78d0013000-7f78d0016000 r--s 0000d000 08:01 2772103                    /usr/local/apache-maven-3.3.3/lib/plexus-interpolation-1.21.jar
7f78d0016000-7f78d001d000 r--s 00055000 08:01 2772100                    /usr/local/apache-maven-3.3.3/lib/org.eclipse.sisu.inject-0.3.0.jar
7f78d001d000-7f78d001e000 r--s 00008000 08:01 2772099                    /usr/local/apache-maven-3.3.3/lib/aether-connector-basic-1.0.2.v20150114.jar
7f78d001e000-7f78d0020000 r--s 00009000 08:01 2772098                    /usr/local/apache-maven-3.3.3/lib/commons-cli-1.2.jar
7f78d0020000-7f78d0022000 r--s 0000a000 08:01 2772097                    /usr/local/apache-maven-3.3.3/lib/maven-plugin-api-3.3.3.jar
7f78d0022000-7f78d0029000 r--s 00040000 08:01 2772081                    /usr/local/apache-maven-3.3.3/lib/maven-compat-3.3.3.jar
7f78d0029000-7f78d0057000 r--s 001fa000 08:01 2772078                    /usr/local/apache-maven-3.3.3/lib/wagon-http-2.9-shaded.jar
7f78d0057000-7f78d044a000 rw-p 00000000 00:00 0 
7f78d044a000-7f78d060a000 r--s 039fb000 08:01 2771523                    /usr/lib/jvm/java-7-oracle/jre/lib/rt.jar
7f78d060a000-7f78d0767000 rw-p 00000000 00:00 0 
7f78d0767000-7f78d0768000 ---p 00000000 00:00 0 
7f78d0768000-7f78d0868000 rw-p 00000000 00:00 0                          [stack:27023]
7f78d0868000-7f78d0869000 ---p 00000000 00:00 0 
7f78d0869000-7f78d0969000 rw-p 00000000 00:00 0                          [stack:27022]
7f78d0969000-7f78d096a000 ---p 00000000 00:00 0 
7f78d096a000-7f78d0a6a000 rw-p 00000000 00:00 0                          [stack:27021]
7f78d0a6a000-7f78d0a6b000 ---p 00000000 00:00 0 
7f78d0a6b000-7f78d0ec1000 rw-p 00000000 00:00 0                          [stack:27020]
7f78d0ec1000-7f78d12c1000 rw-p 00000000 00:00 0 
7f78d12c1000-7f78d1617000 rw-p 00000000 00:00 0 
7f78d1617000-7f78d1a16000 rw-p 00000000 00:00 0 
7f78d1a16000-7f78d1ac1000 rw-p 00000000 00:00 0 
7f78d1ac1000-7f78d1cc1000 rw-p 00000000 00:00 0 
7f78d1cc1000-7f78d1cc2000 rw-p 00000000 00:00 0 
7f78d1cc2000-7f78d1cd9000 r-xp 00000000 08:01 3044815                    /usr/lib/jvm/java-7-oracle/jre/lib/amd64/libzip.so
7f78d1cd9000-7f78d1ed9000 ---p 00017000 08:01 3044815                    /usr/lib/jvm/java-7-oracle/jre/lib/amd64/libzip.so
7f78d1ed9000-7f78d1eda000 rw-p 00017000 08:01 3044815                    /usr/lib/jvm/java-7-oracle/jre/lib/amd64/libzip.so
7f78d1eda000-7f78d1ee5000 r-xp 00000000 08:01 1591989                    /lib/x86_64-linux-gnu/libnss_files-2.19.so
7f78d1ee5000-7f78d20e4000 ---p 0000b000 08:01 1591989                    /lib/x86_64-linux-gnu/libnss_files-2.19.so
7f78d20e4000-7f78d20e5000 r--p 0000a000 08:01 1591989                    /lib/x86_64-linux-gnu/libnss_files-2.19.so
7f78d20e5000-7f78d20e6000 rw-p 0000b000 08:01 1591989                    /lib/x86_64-linux-gnu/libnss_files-2.19.so
7f78d20e6000-7f78d20f1000 r-xp 00000000 08:01 1592277                    /lib/x86_64-linux-gnu/libnss_nis-2.19.so
7f78d20f1000-7f78d22f0000 ---p 0000b000 08:01 1592277                    /lib/x86_64-linux-gnu/libnss_nis-2.19.so
7f78d22f0000-7f78d22f1000 r--p 0000a000 08:01 1592277                    /lib/x86_64-linux-gnu/libnss_nis-2.19.so
7f78d22f1000-7f78d22f2000 rw-p 0000b000 08:01 1592277                    /lib/x86_64-linux-gnu/libnss_nis-2.19.so
7f78d22f2000-7f78d2309000 r-xp 00000000 08:01 1592266                    /lib/x86_64-linux-gnu/libnsl-2.19.so
7f78d2309000-7f78d2508000 ---p 00017000 08:01 1592266                    /lib/x86_64-linux-gnu/libnsl-2.19.so
7f78d2508000-7f78d2509000 r--p 00016000 08:01 1592266                    /lib/x86_64-linux-gnu/libnsl-2.19.so
7f78d2509000-7f78d250a000 rw-p 00017000 08:01 1592266                    /lib/x86_64-linux-gnu/libnsl-2.19.so
7f78d250a000-7f78d250c000 rw-p 00000000 00:00 0 
7f78d250c000-7f78d2515000 r-xp 00000000 08:01 1592265                    /lib/x86_64-linux-gnu/libnss_compat-2.19.so
7f78d2515000-7f78d2714000 ---p 00009000 08:01 1592265                    /lib/x86_64-linux-gnu/libnss_compat-2.19.so
7f78d2714000-7f78d2715000 r--p 00008000 08:01 1592265                    /lib/x86_64-linux-gnu/libnss_compat-2.19.so
7f78d2715000-7f78d2716000 rw-p 00009000 08:01 1592265                    /lib/x86_64-linux-gnu/libnss_compat-2.19.so
7f78d2716000-7f78d273f000 r-xp 00000000 08:01 3044783                    /usr/lib/jvm/java-7-oracle/jre/lib/amd64/libjava.so
7f78d273f000-7f78d293f000 ---p 00029000 08:01 3044783                    /usr/lib/jvm/java-7-oracle/jre/lib/amd64/libjava.so
7f78d293f000-7f78d2941000 rw-p 00029000 08:01 3044783                    /usr/lib/jvm/java-7-oracle/jre/lib/amd64/libjava.so
7f78d2941000-7f78d294e000 r-xp 00000000 08:01 3044804                    /usr/lib/jvm/java-7-oracle/jre/lib/amd64/libverify.so
7f78d294e000-7f78d2b4d000 ---p 0000d000 08:01 3044804                    /usr/lib/jvm/java-7-oracle/jre/lib/amd64/libverify.so
7f78d2b4d000-7f78d2b4f000 rw-p 0000c000 08:01 3044804                    /usr/lib/jvm/java-7-oracle/jre/lib/amd64/libverify.so
7f78d2b4f000-7f78d2b56000 r-xp 00000000 08:01 1592274                    /lib/x86_64-linux-gnu/librt-2.19.so
7f78d2b56000-7f78d2d55000 ---p 00007000 08:01 1592274                    /lib/x86_64-linux-gnu/librt-2.19.so
7f78d2d55000-7f78d2d56000 r--p 00006000 08:01 1592274                    /lib/x86_64-linux-gnu/librt-2.19.so
7f78d2d56000-7f78d2d57000 rw-p 00007000 08:01 1592274                    /lib/x86_64-linux-gnu/librt-2.19.so
7f78d2d57000-7f78d2e5c000 r-xp 00000000 08:01 1589681                    /lib/x86_64-linux-gnu/libm-2.19.so
7f78d2e5c000-7f78d305b000 ---p 00105000 08:01 1589681                    /lib/x86_64-linux-gnu/libm-2.19.so
7f78d305b000-7f78d305c000 r--p 00104000 08:01 1589681                    /lib/x86_64-linux-gnu/libm-2.19.so
7f78d305c000-7f78d305d000 rw-p 00105000 08:01 1589681                    /lib/x86_64-linux-gnu/libm-2.19.so
7f78d305d000-7f78d3bd3000 r-xp 00000000 08:01 3044779                    /usr/lib/jvm/java-7-oracle/jre/lib/amd64/server/libjvm.so
7f78d3bd3000-7f78d3dd2000 ---p 00b76000 08:01 3044779                    /usr/lib/jvm/java-7-oracle/jre/lib/amd64/server/libjvm.so
7f78d3dd2000-7f78d3e96000 rw-p 00b75000 08:01 3044779                    /usr/lib/jvm/java-7-oracle/jre/lib/amd64/server/libjvm.so
7f78d3e96000-7f78d3ed7000 rw-p 00000000 00:00 0 
7f78d3ed7000-7f78d4092000 r-xp 00000000 08:01 1592271                    /lib/x86_64-linux-gnu/libc-2.19.so
7f78d4092000-7f78d4291000 ---p 001bb000 08:01 1592271                    /lib/x86_64-linux-gnu/libc-2.19.so
7f78d4291000-7f78d4295000 r--p 001ba000 08:01 1592271                    /lib/x86_64-linux-gnu/libc-2.19.so
7f78d4295000-7f78d4297000 rw-p 001be000 08:01 1592271                    /lib/x86_64-linux-gnu/libc-2.19.so
7f78d4297000-7f78d429c000 rw-p 00000000 00:00 0 
7f78d429c000-7f78d429f000 r-xp 00000000 08:01 1592071                    /lib/x86_64-linux-gnu/libdl-2.19.so
7f78d429f000-7f78d449e000 ---p 00003000 08:01 1592071                    /lib/x86_64-linux-gnu/libdl-2.19.so
7f78d449e000-7f78d449f000 r--p 00002000 08:01 1592071                    /lib/x86_64-linux-gnu/libdl-2.19.so
7f78d449f000-7f78d44a0000 rw-p 00003000 08:01 1592071                    /lib/x86_64-linux-gnu/libdl-2.19.so
7f78d44a0000-7f78d44b5000 r-xp 00000000 08:01 1997839                    /usr/lib/jvm/java-7-oracle/lib/amd64/jli/libjli.so
7f78d44b5000-7f78d46b4000 ---p 00015000 08:01 1997839                    /usr/lib/jvm/java-7-oracle/lib/amd64/jli/libjli.so
7f78d46b4000-7f78d46b5000 rw-p 00014000 08:01 1997839                    /usr/lib/jvm/java-7-oracle/lib/amd64/jli/libjli.so
7f78d46b5000-7f78d46ce000 r-xp 00000000 08:01 1592272                    /lib/x86_64-linux-gnu/libpthread-2.19.so
7f78d46ce000-7f78d48cd000 ---p 00019000 08:01 1592272                    /lib/x86_64-linux-gnu/libpthread-2.19.so
7f78d48cd000-7f78d48ce000 r--p 00018000 08:01 1592272                    /lib/x86_64-linux-gnu/libpthread-2.19.so
7f78d48ce000-7f78d48cf000 rw-p 00019000 08:01 1592272                    /lib/x86_64-linux-gnu/libpthread-2.19.so
7f78d48cf000-7f78d48d3000 rw-p 00000000 00:00 0 
7f78d48d3000-7f78d48f6000 r-xp 00000000 08:01 1592268                    /lib/x86_64-linux-gnu/ld-2.19.so
7f78d48f6000-7f78d48f8000 r--s 0000c000 08:01 2772095                    /usr/local/apache-maven-3.3.3/lib/maven-artifact-3.3.3.jar
7f78d48f8000-7f78d48fd000 r--s 0001d000 08:01 2772079                    /usr/local/apache-maven-3.3.3/lib/aether-api-1.0.2.v20150114.jar
7f78d48fd000-7f78d4903000 r--s 0002d000 08:01 2772076                    /usr/local/apache-maven-3.3.3/lib/org.eclipse.sisu.plexus-0.3.0.jar
7f78d4903000-7f78d4909000 r--s 00042000 08:01 2772071                    /usr/local/apache-maven-3.3.3/lib/jsoup-1.7.2.jar
7f78d4909000-7f78d490d000 r--s 00020000 08:01 2772070                    /usr/local/apache-maven-3.3.3/lib/aether-util-1.0.2.v20150114.jar
7f78d490d000-7f78d4919000 rw-p 00000000 00:00 0 
7f78d4919000-7f78d49cd000 rw-p 00000000 00:00 0 
7f78d49cd000-7f78d49d0000 ---p 00000000 00:00 0 
7f78d49d0000-7f78d4ad2000 rw-p 00000000 00:00 0                          [stack:27019]
7f78d4ad2000-7f78d4ad4000 r--s 00000000 08:01 2772093                    /usr/local/apache-maven-3.3.3/lib/aopalliance-1.0.jar
7f78d4ad4000-7f78d4ad5000 r--s 00002000 08:01 2772077                    /usr/local/apache-maven-3.3.3/lib/wagon-file-2.9.jar
7f78d4ad5000-7f78d4ad9000 r--s 00038000 08:01 2772066                    /usr/local/apache-maven-3.3.3/lib/plexus-utils-3.0.20.jar
7f78d4ad9000-7f78d4adb000 r--s 00000000 08:01 2772065                    /usr/local/apache-maven-3.3.3/lib/plexus-component-annotations-1.5.5.jar
7f78d4adb000-7f78d4adc000 r--s 00003000 08:01 2772063                    /usr/local/apache-maven-3.3.3/lib/maven-builder-support-3.3.3.jar
7f78d4adc000-7f78d4ade000 r--s 00009000 08:01 2772062                    /usr/local/apache-maven-3.3.3/lib/maven-settings-builder-3.3.3.jar
7f78d4ade000-7f78d4ae1000 r--s 0000b000 08:01 2772061                    /usr/local/apache-maven-3.3.3/lib/wagon-provider-api-2.9.jar
7f78d4ae1000-7f78d4ae6000 r--s 00041000 08:01 2772059                    /usr/local/apache-maven-3.3.3/lib/commons-lang-2.6.jar
7f78d4ae6000-7f78d4ae7000 r--s 00001000 08:01 2770739                    /usr/local/apache-maven-3.3.3/lib/jsr250-api-1.0.jar
7f78d4ae7000-7f78d4ae9000 r--s 0000b000 08:01 2770708                    /usr/local/apache-maven-3.3.3/boot/plexus-classworlds-2.5.2.jar
7f78d4ae9000-7f78d4af1000 rw-s 00000000 08:01 1997362                    /tmp/hsperfdata_cgasparini/27000
7f78d4af1000-7f78d4af2000 rw-p 00000000 00:00 0 
7f78d4af2000-7f78d4af3000 r--p 00000000 00:00 0 
7f78d4af3000-7f78d4af5000 rw-p 00000000 00:00 0 
7f78d4af5000-7f78d4af6000 r--p 00022000 08:01 1592268                    /lib/x86_64-linux-gnu/ld-2.19.so
7f78d4af6000-7f78d4af7000 rw-p 00023000 08:01 1592268                    /lib/x86_64-linux-gnu/ld-2.19.so
7f78d4af7000-7f78d4af8000 rw-p 00000000 00:00 0 
7fff55452000-7fff55474000 rw-p 00000000 00:00 0                          [stack]
7fff5554f000-7fff55551000 r-xp 00000000 00:00 0                          [vdso]
ffffffffff600000-ffffffffff601000 r-xp 00000000 00:00 0                  [vsyscall]

VM Arguments:
jvm_args: -Xms1024m -Xmx4096m -XX:PermSize=1024m -Dclassworlds.conf=/usr/local/apache-maven-3.3.3/bin/m2.conf -Dmaven.home=/usr/local/apache-maven-3.3.3 -Dmaven.multiModuleProjectDirectory=/home/cgasparini/opendaylight/odl/bgpcep/bgp/rib-impl 
java_command: org.codehaus.plexus.classworlds.launcher.Launcher clean install -DskipTests
Launcher Type: SUN_STANDARD

Environment Variables:
JAVA_HOME=/usr/lib/jvm/java-7-oracle
PATH=/usr/local/sbin:/usr/local/bin:/usr/sbin:/usr/bin:/sbin:/bin:/usr/games:/usr/local/games:/opt/sonar_runner/bin::/opt/sonar-runner/bin:/usr/lib/jvm/java-7-oracle:/opt/sonar-runner
SHELL=/bin/bash
DISPLAY=:0.0

Signal Handlers:
SIGSEGV: [libjvm.so+0x9a3b20], sa_mask[0]=0x7ffbfeff, sa_flags=0x10000004
SIGBUS: [libjvm.so+0x9a3b20], sa_mask[0]=0x7ffbfeff, sa_flags=0x10000004
SIGFPE: [libjvm.so+0x81e740], sa_mask[0]=0x7ffbfeff, sa_flags=0x10000004
SIGPIPE: [libjvm.so+0x81e740], sa_mask[0]=0x7ffbfeff, sa_flags=0x10000004
SIGXFSZ: [libjvm.so+0x81e740], sa_mask[0]=0x7ffbfeff, sa_flags=0x10000004
SIGILL: [libjvm.so+0x81e740], sa_mask[0]=0x7ffbfeff, sa_flags=0x10000004
SIGUSR1: SIG_DFL, sa_mask[0]=0x00000000, sa_flags=0x00000000
SIGUSR2: [libjvm.so+0x81ffb0], sa_mask[0]=0x00000000, sa_flags=0x10000004
SIGHUP: [libjvm.so+0x8210d0], sa_mask[0]=0x7ffbfeff, sa_flags=0x10000004
SIGINT: [libjvm.so+0x8210d0], sa_mask[0]=0x7ffbfeff, sa_flags=0x10000004
SIGTERM: [libjvm.so+0x8210d0], sa_mask[0]=0x7ffbfeff, sa_flags=0x10000004
SIGQUIT: [libjvm.so+0x8210d0], sa_mask[0]=0x7ffbfeff, sa_flags=0x10000004


---------------  S Y S T E M  ---------------

OS:jessie/sid

uname:Linux 3.13.0-66-generic #108-Ubuntu SMP Wed Oct 7 15:20:27 UTC 2015 x86_64
libc:glibc 2.19 NPTL 2.19 
rlimit: STACK 8192k, CORE 0k, NPROC 38896, NOFILE 4096, AS infinity
load average:0,42 0,62 0,58

/proc/meminfo:
MemTotal:        5000324 kB
MemFree:         1197276 kB
Buffers:           53332 kB
Cached:           839672 kB
SwapCached:        93932 kB
Active:          1928888 kB
Inactive:        1644312 kB
Active(anon):    1405020 kB
Inactive(anon):  1327712 kB
Active(file):     523868 kB
Inactive(file):   316600 kB
Unevictable:          16 kB
Mlocked:              16 kB
SwapTotal:       2095100 kB
SwapFree:        1393308 kB
Dirty:             33180 kB
Writeback:             0 kB
AnonPages:       2620172 kB
Mapped:           128912 kB
Shmem:             52784 kB
Slab:             122428 kB
SReclaimable:      88560 kB
SUnreclaim:        33868 kB
KernelStack:        6080 kB
PageTables:        38016 kB
NFS_Unstable:          0 kB
Bounce:                0 kB
WritebackTmp:          0 kB
CommitLimit:     4595260 kB
Committed_AS:    8162332 kB
VmallocTotal:   34359738367 kB
VmallocUsed:       64492 kB
VmallocChunk:   34359668444 kB
HardwareCorrupted:     0 kB
AnonHugePages:   1994752 kB
HugePages_Total:       0
HugePages_Free:        0
HugePages_Rsvd:        0
HugePages_Surp:        0
Hugepagesize:       2048 kB
DirectMap4k:       77760 kB
DirectMap2M:     5085184 kB


CPU:total 4 (4 cores per cpu, 1 threads per core) family 6 model 58 stepping 9, cmov, cx8, fxsr, mmx, sse, sse2, sse3, ssse3, tsc

/proc/cpuinfo:
processor	: 0
vendor_id	: GenuineIntel
cpu family	: 6
model		: 58
model name	: Intel(R) Core(TM) i7-3720QM CPU @ 2.60GHz
stepping	: 9
microcode	: 0x19
cpu MHz		: 2490.417
cache size	: 6144 KB
physical id	: 0
siblings	: 4
core id		: 0
cpu cores	: 4
apicid		: 0
initial apicid	: 0
fpu		: yes
fpu_exception	: yes
cpuid level	: 5
wp		: yes
flags		: fpu vme de pse tsc msr pae mce cx8 apic sep mtrr pge mca cmov pat pse36 clflush mmx fxsr sse sse2 ht syscall nx rdtscp lm constant_tsc rep_good nopl pni ssse3 lahf_lm
bogomips	: 4980.83
clflush size	: 64
cache_alignment	: 64
address sizes	: 36 bits physical, 48 bits virtual
power management:

processor	: 1
vendor_id	: GenuineIntel
cpu family	: 6
model		: 58
model name	: Intel(R) Core(TM) i7-3720QM CPU @ 2.60GHz
stepping	: 9
microcode	: 0x19
cpu MHz		: 2490.417
cache size	: 6144 KB
physical id	: 0
siblings	: 4
core id		: 1
cpu cores	: 4
apicid		: 1
initial apicid	: 1
fpu		: yes
fpu_exception	: yes
cpuid level	: 5
wp		: yes
flags		: fpu vme de pse tsc msr pae mce cx8 apic sep mtrr pge mca cmov pat pse36 clflush mmx fxsr sse sse2 ht syscall nx rdtscp lm constant_tsc rep_good nopl pni ssse3 lahf_lm
bogomips	: 4980.83
clflush size	: 64
cache_alignment	: 64
address sizes	: 36 bits physical, 48 bits virtual
power management:

processor	: 2
vendor_id	: GenuineIntel
cpu family	: 6
model		: 58
model name	: Intel(R) Core(TM) i7-3720QM CPU @ 2.60GHz
stepping	: 9
microcode	: 0x19
cpu MHz		: 2490.417
cache size	: 6144 KB
physical id	: 0
siblings	: 4
core id		: 2
cpu cores	: 4
apicid		: 2
initial apicid	: 2
fpu		: yes
fpu_exception	: yes
cpuid level	: 5
wp		: yes
flags		: fpu vme de pse tsc msr pae mce cx8 apic sep mtrr pge mca cmov pat pse36 clflush mmx fxsr sse sse2 ht syscall nx rdtscp lm constant_tsc rep_good nopl pni ssse3 lahf_lm
bogomips	: 4980.83
clflush size	: 64
cache_alignment	: 64
address sizes	: 36 bits physical, 48 bits virtual
power management:

processor	: 3
vendor_id	: GenuineIntel
cpu family	: 6
model		: 58
model name	: Intel(R) Core(TM) i7-3720QM CPU @ 2.60GHz
stepping	: 9
microcode	: 0x19
cpu MHz		: 2490.417
cache size	: 6144 KB
physical id	: 0
siblings	: 4
core id		: 3
cpu cores	: 4
apicid		: 3
initial apicid	: 3
fpu		: yes
fpu_exception	: yes
cpuid level	: 5
wp		: yes
flags		: fpu vme de pse tsc msr pae mce cx8 apic sep mtrr pge mca cmov pat pse36 clflush mmx fxsr sse sse2 ht syscall nx rdtscp lm constant_tsc rep_good nopl pni ssse3 lahf_lm
bogomips	: 4980.83
clflush size	: 64
cache_alignment	: 64
address sizes	: 36 bits physical, 48 bits virtual
power management:



Memory: 4k page, physical 5000324k(1197276k free), swap 2095100k(1393308k free)

vm_info: Java HotSpot(TM) 64-Bit Server VM (24.80-b11) for linux-amd64 JRE (1.7.0_80-b15), built on Apr 10 2015 19:53:14 by "java_re" with gcc 4.3.0 20080428 (Red Hat 4.3.0-8)

time: Wed Dec 16 10:16:35 2015
elapsed time: 5 seconds

